Arguments: 
  C:\Program Files\nodejs\node.exe C:\Users\benev\AppData\Roaming\npm\node_modules\yarn\bin\yarn.js add metro-react-native-babel-preset@0.72.3

PATH: 
  C:\Program Files\Common Files\Oracle\Java\javapath;C:\Windows\system32;C:\Windows;C:\Windows\System32\Wbem;C:\Windows\System32\WindowsPowerShell\v1.0\;C:\Windows\System32\OpenSSH\;C:\Program Files\nodejs\;C:\Program Files\Git\cmd;C:\Program Files\Docker\Docker\resources\bin;C:\ProgramData\chocolatey\bin;C:\Program Files\MySQL\MySQL Shell 8.0\bin\;C:\Users\benev\AppData\Local\Microsoft\WindowsApps;C:\Users\benev\AppData\Local\Programs\Microsoft VS Code\bin;C:\Users\benev\AppData\Roaming\npm;C:\Users\benev\AppData\Local\GitHubDesktop\bin

Yarn version: 
  1.22.19

Node version: 
  18.12.1

Platform: 
  win32 x64

Trace: 
  Error: D42A0000:error:1C800066:Provider routines:ossl_gcm_stream_update:cipher operation failed:c:\ws\deps\openssl\openssl\providers\implementations\ciphers\ciphercommon_gcm.c:320:

npm manifest: 
  {
    "dependencies": {
      "expo": "^47.0.8"
    }
  }

yarn manifest: 
  No manifest

Lockfile: 
  No lockfile
